22:31:38 **** Incremental Build of configuration Debug for project Clase_00_misBibliotecas ****
make all 
Building file: ../src/eGen.c
Invoking: GCC C Compiler
gcc -O0 -g3 -Wall -c -fmessage-length=0 -MMD -MP -MF"src/eGen.d" -MT"src/eGen.o" -o "src/eGen.o" "../src/eGen.c"
Finished building: ../src/eGen.c
 
Building target: Clase_00_misBibliotecas
Invoking: GCC C Linker
gcc  -o "Clase_00_misBibliotecas" ./src/Clase_00_miBiblioteca.o ./src/eGen.o ./src/input.o ./src/menu.o ./src/operations.o   
Finished building target: Clase_00_misBibliotecas
 
22:31:41 **** Incremental Build of configuration Debug for project Clase_00_misBibliotecas ****
make all 
make: No se hace nada para 'all'.
22:31:47 **** Incremental Build of configuration Debug for project Clase_00_misBibliotecas ****
make all 
make: No se hace nada para 'all'.
22:35:02 **** Incremental Build of configuration Debug for project Clase_00_misBibliotecas ****
make all 
Building file: ../src/eGen.c
Invoking: GCC C Compiler
gcc -O0 -g3 -Wall -c -fmessage-length=0 -MMD -MP -MF"src/eGen.d" -MT"src/eGen.o" -o "src/eGen.o" "../src/eGen.c"
Finished building: ../src/eGen.c
 
Building target: Clase_00_misBibliotecas
Invoking: GCC C Linker
gcc  -o "Clase_00_misBibliotecas" ./src/Clase_00_miBiblioteca.o ./src/eGen.o ./src/input.o ./src/menu.o ./src/operations.o   
Finished building target: Clase_00_misBibliotecas
 
22:36:48 **** Incremental Build of configuration Debug for project Clase_00_misBibliotecas ****
make all 
Building file: ../src/Clase_00_miBiblioteca.c
Invoking: GCC C Compiler
gcc -O0 -g3 -Wall -c -fmessage-length=0 -MMD -MP -MF"src/Clase_00_miBiblioteca.d" -MT"src/Clase_00_miBiblioteca.o" -o "src/Clase_00_miBiblioteca.o" "../src/Clase_00_miBiblioteca.c"
Finished building: ../src/Clase_00_miBiblioteca.c
 
Building target: Clase_00_misBibliotecas
Invoking: GCC C Linker
gcc  -o "Clase_00_misBibliotecas" ./src/Clase_00_miBiblioteca.o ./src/eGen.o ./src/input.o ./src/menu.o ./src/operations.o   
Finished building target: Clase_00_misBibliotecas
 
22:36:49 **** Incremental Build of configuration Debug for project Clase_00_misBibliotecas ****
make all 
make: No se hace nada para 'all'.
22:43:26 **** Incremental Build of configuration Debug for project Clase_00_misBibliotecas ****
make all 
Building file: ../src/Clase_00_miBiblioteca.c
Invoking: GCC C Compiler
gcc -O0 -g3 -Wall -c -fmessage-length=0 -MMD -MP -MF"src/Clase_00_miBiblioteca.d" -MT"src/Clase_00_miBiblioteca.o" -o "src/Clase_00_miBiblioteca.o" "../src/Clase_00_miBiblioteca.c"
../src/Clase_00_miBiblioteca.c: In function ‘main’:
../src/Clase_00_miBiblioteca.c:135:33: warning: statement with no effect [-Wunused-value]
  135 |                                 for(i; i< 5; i++)
      |                                 ^~~
../src/Clase_00_miBiblioteca.c:137:45: error: expected expression before ‘]’ token
  137 |                                 listaPrueba[].id=1000;
      |                                             ^
../src/Clase_00_miBiblioteca.c:138:45: error: expected expression before ‘]’ token
  138 |                                 listaPrueba[].exampleChar = "PRIMERO";
      |                                             ^
../src/Clase_00_miBiblioteca.c:139:45: error: expected expression before ‘]’ token
  139 |                                 listaPrueba[].exampleInt = 01;
      |                                             ^
../src/Clase_00_miBiblioteca.c:140:45: error: expected expression before ‘]’ token
  140 |                                 listaPrueba[].exampleFloat = 01.01;
      |                                             ^
make: *** [src/subdir.mk:32: src/Clase_00_miBiblioteca.o] Error 1
"make all" terminated with exit code 2. Build might be incomplete.
22:45:00 **** Incremental Build of configuration Debug for project Clase_00_misBibliotecas ****
make all 
Building file: ../src/Clase_00_miBiblioteca.c
Invoking: GCC C Compiler
gcc -O0 -g3 -Wall -c -fmessage-length=0 -MMD -MP -MF"src/Clase_00_miBiblioteca.d" -MT"src/Clase_00_miBiblioteca.o" -o "src/Clase_00_miBiblioteca.o" "../src/Clase_00_miBiblioteca.c"
../src/Clase_00_miBiblioteca.c: In function ‘main’:
../src/Clase_00_miBiblioteca.c:137:55: error: lvalue required as increment operand
  137 |                                 listaPrueba[i].id=1000++;
      |                                                       ^~
../src/Clase_00_miBiblioteca.c:139:60: error: assignment to expression with array type
  139 |                                 listaPrueba[i].exampleChar = "PRIMERO";
      |                                                            ^
../src/Clase_00_miBiblioteca.c:140:63: error: lvalue required as increment operand
  140 |                                 listaPrueba[i].exampleInt = 01++;
      |                                                               ^~
../src/Clase_00_miBiblioteca.c:141:68: error: lvalue required as increment operand
  141 |                                 listaPrueba[i].exampleFloat = 01.01++;
      |                                                                    ^~
make: *** [src/subdir.mk:32: src/Clase_00_miBiblioteca.o] Error 1
"make all" terminated with exit code 2. Build might be incomplete.
22:45:25 **** Incremental Build of configuration Debug for project Clase_00_misBibliotecas ****
make all 
Building file: ../src/Clase_00_miBiblioteca.c
Invoking: GCC C Compiler
gcc -O0 -g3 -Wall -c -fmessage-length=0 -MMD -MP -MF"src/Clase_00_miBiblioteca.d" -MT"src/Clase_00_miBiblioteca.o" -o "src/Clase_00_miBiblioteca.o" "../src/Clase_00_miBiblioteca.c"
../src/Clase_00_miBiblioteca.c: In function ‘main’:
../src/Clase_00_miBiblioteca.c:139:60: error: assignment to expression with array type
  139 |                                 listaPrueba[i].exampleChar = "PRIMERO";
      |                                                            ^
make: *** [src/subdir.mk:32: src/Clase_00_miBiblioteca.o] Error 1
"make all" terminated with exit code 2. Build might be incomplete.
22:45:55 **** Incremental Build of configuration Debug for project Clase_00_misBibliotecas ****
make all 
Building file: ../src/Clase_00_miBiblioteca.c
Invoking: GCC C Compiler
gcc -O0 -g3 -Wall -c -fmessage-length=0 -MMD -MP -MF"src/Clase_00_miBiblioteca.d" -MT"src/Clase_00_miBiblioteca.o" -o "src/Clase_00_miBiblioteca.o" "../src/Clase_00_miBiblioteca.c"
../src/Clase_00_miBiblioteca.c: In function ‘main’:
../src/Clase_00_miBiblioteca.c:139:62: error: expected expression before ‘{’ token
  139 |                                 listaPrueba[i].exampleChar = {"PRIMERO"};
      |                                                              ^
make: *** [src/subdir.mk:32: src/Clase_00_miBiblioteca.o] Error 1
"make all" terminated with exit code 2. Build might be incomplete.
22:46:12 **** Incremental Build of configuration Debug for project Clase_00_misBibliotecas ****
make all 
Building file: ../src/Clase_00_miBiblioteca.c
Invoking: GCC C Compiler
gcc -O0 -g3 -Wall -c -fmessage-length=0 -MMD -MP -MF"src/Clase_00_miBiblioteca.d" -MT"src/Clase_00_miBiblioteca.o" -o "src/Clase_00_miBiblioteca.o" "../src/Clase_00_miBiblioteca.c"
../src/Clase_00_miBiblioteca.c: In function ‘main’:
../src/Clase_00_miBiblioteca.c:139:60: error: assignment to expression with array type
  139 |                                 listaPrueba[i].exampleChar = "PRIMERO";
      |                                                            ^
make: *** [src/subdir.mk:32: src/Clase_00_miBiblioteca.o] Error 1
"make all" terminated with exit code 2. Build might be incomplete.
22:46:20 **** Incremental Build of configuration Debug for project Clase_00_misBibliotecas ****
make all 
Building file: ../src/Clase_00_miBiblioteca.c
Invoking: GCC C Compiler
gcc -O0 -g3 -Wall -c -fmessage-length=0 -MMD -MP -MF"src/Clase_00_miBiblioteca.d" -MT"src/Clase_00_miBiblioteca.o" -o "src/Clase_00_miBiblioteca.o" "../src/Clase_00_miBiblioteca.c"
Finished building: ../src/Clase_00_miBiblioteca.c
 
Building file: ../src/eGen.c
Invoking: GCC C Compiler
gcc -O0 -g3 -Wall -c -fmessage-length=0 -MMD -MP -MF"src/eGen.d" -MT"src/eGen.o" -o "src/eGen.o" "../src/eGen.c"
Finished building: ../src/eGen.c
 
Building target: Clase_00_misBibliotecas
Invoking: GCC C Linker
gcc  -o "Clase_00_misBibliotecas" ./src/Clase_00_miBiblioteca.o ./src/eGen.o ./src/input.o ./src/menu.o ./src/operations.o   
Finished building target: Clase_00_misBibliotecas
 
22:46:27 **** Incremental Build of configuration Debug for project Clase_00_misBibliotecas ****
make all 
Building file: ../src/Clase_00_miBiblioteca.c
Invoking: GCC C Compiler
gcc -O0 -g3 -Wall -c -fmessage-length=0 -MMD -MP -MF"src/Clase_00_miBiblioteca.d" -MT"src/Clase_00_miBiblioteca.o" -o "src/Clase_00_miBiblioteca.o" "../src/Clase_00_miBiblioteca.c"
Finished building: ../src/Clase_00_miBiblioteca.c
 
Building target: Clase_00_misBibliotecas
Invoking: GCC C Linker
gcc  -o "Clase_00_misBibliotecas" ./src/Clase_00_miBiblioteca.o ./src/eGen.o ./src/input.o ./src/menu.o ./src/operations.o   
Finished building target: Clase_00_misBibliotecas
 
22:46:30 **** Incremental Build of configuration Debug for project Clase_00_misBibliotecas ****
make all 
make: No se hace nada para 'all'.
22:46:59 **** Incremental Build of configuration Debug for project Clase_00_misBibliotecas ****
make all 
Building file: ../src/Clase_00_miBiblioteca.c
Invoking: GCC C Compiler
gcc -O0 -g3 -Wall -c -fmessage-length=0 -MMD -MP -MF"src/Clase_00_miBiblioteca.d" -MT"src/Clase_00_miBiblioteca.o" -o "src/Clase_00_miBiblioteca.o" "../src/Clase_00_miBiblioteca.c"
Finished building: ../src/Clase_00_miBiblioteca.c
 
Building target: Clase_00_misBibliotecas
Invoking: GCC C Linker
gcc  -o "Clase_00_misBibliotecas" ./src/Clase_00_miBiblioteca.o ./src/eGen.o ./src/input.o ./src/menu.o ./src/operations.o   
Finished building target: Clase_00_misBibliotecas
 
22:47:00 **** Incremental Build of configuration Debug for project Clase_00_misBibliotecas ****
make all 
make: No se hace nada para 'all'.
22:48:17 **** Incremental Build of configuration Debug for project Clase_00_misBibliotecas ****
make all 
Building file: ../src/Clase_00_miBiblioteca.c
Invoking: GCC C Compiler
gcc -O0 -g3 -Wall -c -fmessage-length=0 -MMD -MP -MF"src/Clase_00_miBiblioteca.d" -MT"src/Clase_00_miBiblioteca.o" -o "src/Clase_00_miBiblioteca.o" "../src/Clase_00_miBiblioteca.c"
Finished building: ../src/Clase_00_miBiblioteca.c
 
Building target: Clase_00_misBibliotecas
Invoking: GCC C Linker
gcc  -o "Clase_00_misBibliotecas" ./src/Clase_00_miBiblioteca.o ./src/eGen.o ./src/input.o ./src/menu.o ./src/operations.o   
Finished building target: Clase_00_misBibliotecas
 
22:48:20 **** Incremental Build of configuration Debug for project Clase_00_misBibliotecas ****
make all 
make: No se hace nada para 'all'.
22:59:08 **** Incremental Build of configuration Debug for project Clase_00_misBibliotecas ****
make all 
Building file: ../src/Clase_00_miBiblioteca.c
Invoking: GCC C Compiler
gcc -O0 -g3 -Wall -c -fmessage-length=0 -MMD -MP -MF"src/Clase_00_miBiblioteca.d" -MT"src/Clase_00_miBiblioteca.o" -o "src/Clase_00_miBiblioteca.o" "../src/Clase_00_miBiblioteca.c"
Finished building: ../src/Clase_00_miBiblioteca.c
 
Building target: Clase_00_misBibliotecas
Invoking: GCC C Linker
gcc  -o "Clase_00_misBibliotecas" ./src/Clase_00_miBiblioteca.o ./src/eGen.o ./src/input.o ./src/menu.o ./src/operations.o   
Finished building target: Clase_00_misBibliotecas
 
22:59:23 **** Incremental Build of configuration Debug for project Clase_00_misBibliotecas ****
make all 
make: No se hace nada para 'all'.
23:00:05 **** Incremental Build of configuration Debug for project Clase_00_misBibliotecas ****
make all 
Building file: ../src/Clase_00_miBiblioteca.c
Invoking: GCC C Compiler
gcc -O0 -g3 -Wall -c -fmessage-length=0 -MMD -MP -MF"src/Clase_00_miBiblioteca.d" -MT"src/Clase_00_miBiblioteca.o" -o "src/Clase_00_miBiblioteca.o" "../src/Clase_00_miBiblioteca.c"
Finished building: ../src/Clase_00_miBiblioteca.c
 
Building target: Clase_00_misBibliotecas
Invoking: GCC C Linker
gcc  -o "Clase_00_misBibliotecas" ./src/Clase_00_miBiblioteca.o ./src/eGen.o ./src/input.o ./src/menu.o ./src/operations.o   
Finished building target: Clase_00_misBibliotecas
 
23:00:05 **** Incremental Build of configuration Debug for project Clase_00_misBibliotecas ****
make all 
make: No se hace nada para 'all'.
23:02:23 **** Incremental Build of configuration Debug for project Clase_00_misBibliotecas ****
make all 
Building file: ../src/Clase_00_miBiblioteca.c
Invoking: GCC C Compiler
gcc -O0 -g3 -Wall -c -fmessage-length=0 -MMD -MP -MF"src/Clase_00_miBiblioteca.d" -MT"src/Clase_00_miBiblioteca.o" -o "src/Clase_00_miBiblioteca.o" "../src/Clase_00_miBiblioteca.c"
../src/Clase_00_miBiblioteca.c: In function ‘main’:
../src/Clase_00_miBiblioteca.c:136:60: error: assignment to expression with array type
  136 |                                 listaPrueba[1].exampleChar = "PRIMERO";
      |                                                            ^
make: *** [src/subdir.mk:32: src/Clase_00_miBiblioteca.o] Error 1
"make all" terminated with exit code 2. Build might be incomplete.
23:02:32 **** Incremental Build of configuration Debug for project Clase_00_misBibliotecas ****
make all 
Building file: ../src/Clase_00_miBiblioteca.c
Invoking: GCC C Compiler
gcc -O0 -g3 -Wall -c -fmessage-length=0 -MMD -MP -MF"src/Clase_00_miBiblioteca.d" -MT"src/Clase_00_miBiblioteca.o" -o "src/Clase_00_miBiblioteca.o" "../src/Clase_00_miBiblioteca.c"
../src/Clase_00_miBiblioteca.c: In function ‘main’:
../src/Clase_00_miBiblioteca.c:136:62: warning: character constant too long for its type
  136 |                                 listaPrueba[1].exampleChar = 'PRIMERO';
      |                                                              ^~~~~~~~~
../src/Clase_00_miBiblioteca.c:136:60: error: assignment to expression with array type
  136 |                                 listaPrueba[1].exampleChar = 'PRIMERO';
      |                                                            ^
make: *** [src/subdir.mk:32: src/Clase_00_miBiblioteca.o] Error 1
"make all" terminated with exit code 2. Build might be incomplete.
23:02:57 **** Incremental Build of configuration Debug for project Clase_00_misBibliotecas ****
make all 
Building file: ../src/Clase_00_miBiblioteca.c
Invoking: GCC C Compiler
gcc -O0 -g3 -Wall -c -fmessage-length=0 -MMD -MP -MF"src/Clase_00_miBiblioteca.d" -MT"src/Clase_00_miBiblioteca.o" -o "src/Clase_00_miBiblioteca.o" "../src/Clase_00_miBiblioteca.c"
../src/Clase_00_miBiblioteca.c: In function ‘main’:
../src/Clase_00_miBiblioteca.c:136:60: error: assignment to expression with array type
  136 |                                 listaPrueba[1].exampleChar = "PRIMERO";
      |                                                            ^
make: *** [src/subdir.mk:32: src/Clase_00_miBiblioteca.o] Error 1
"make all" terminated with exit code 2. Build might be incomplete.
23:02:59 **** Incremental Build of configuration Debug for project Clase_00_misBibliotecas ****
make all 
Building file: ../src/Clase_00_miBiblioteca.c
Invoking: GCC C Compiler
gcc -O0 -g3 -Wall -c -fmessage-length=0 -MMD -MP -MF"src/Clase_00_miBiblioteca.d" -MT"src/Clase_00_miBiblioteca.o" -o "src/Clase_00_miBiblioteca.o" "../src/Clase_00_miBiblioteca.c"
../src/Clase_00_miBiblioteca.c: In function ‘main’:
../src/Clase_00_miBiblioteca.c:136:60: error: assignment to expression with array type
  136 |                                 listaPrueba[1].exampleChar = "PRIMERO";
      |                                                            ^
make: *** [src/subdir.mk:32: src/Clase_00_miBiblioteca.o] Error 1
"make all" terminated with exit code 2. Build might be incomplete.
23:32:51 **** Incremental Build of configuration Debug for project Clase_00_misBibliotecas ****
make all 
Building file: ../src/Clase_00_miBiblioteca.c
Invoking: GCC C Compiler
gcc -O0 -g3 -Wall -c -fmessage-length=0 -MMD -MP -MF"src/Clase_00_miBiblioteca.d" -MT"src/Clase_00_miBiblioteca.o" -o "src/Clase_00_miBiblioteca.o" "../src/Clase_00_miBiblioteca.c"
../src/Clase_00_miBiblioteca.c: In function ‘main’:
../src/Clase_00_miBiblioteca.c:133:41: error: expected ‘=’, ‘,’, ‘;’, ‘asm’ or ‘__attribute__’ before ‘do’
  133 |                                         do
      |                                         ^~
../src/Clase_00_miBiblioteca.c:135:49: error: ‘subMenu2’ undeclared (first use in this function); did you mean ‘subMenu’?
  135 |                                                 subMenu2 = menu_menu("PRUEBAS DE ESTRUCTURAS",
      |                                                 ^~~~~~~~
      |                                                 subMenu
../src/Clase_00_miBiblioteca.c:135:49: note: each undeclared identifier is reported only once for each function it appears in
../src/Clase_00_miBiblioteca.c:148:68: error: assignment to expression with array type
  148 |                                         listaPrueba[1].exampleChar = "PRIMERO";
      |                                                                    ^
make: *** [src/subdir.mk:32: src/Clase_00_miBiblioteca.o] Error 1
"make all" terminated with exit code 2. Build might be incomplete.
23:33:00 **** Incremental Build of configuration Debug for project Clase_00_misBibliotecas ****
make all 
Building file: ../src/Clase_00_miBiblioteca.c
Invoking: GCC C Compiler
gcc -O0 -g3 -Wall -c -fmessage-length=0 -MMD -MP -MF"src/Clase_00_miBiblioteca.d" -MT"src/Clase_00_miBiblioteca.o" -o "src/Clase_00_miBiblioteca.o" "../src/Clase_00_miBiblioteca.c"
../src/Clase_00_miBiblioteca.c: In function ‘main’:
../src/Clase_00_miBiblioteca.c:133:41: error: expected ‘=’, ‘,’, ‘;’, ‘asm’ or ‘__attribute__’ before ‘do’
  133 |                                         do
      |                                         ^~
../src/Clase_00_miBiblioteca.c:135:49: error: ‘subMenu2’ undeclared (first use in this function); did you mean ‘subMenu’?
  135 |                                                 subMenu2 = menu_menu("PRUEBAS DE ESTRUCTURAS",
      |                                                 ^~~~~~~~
      |                                                 subMenu
../src/Clase_00_miBiblioteca.c:135:49: note: each undeclared identifier is reported only once for each function it appears in
make: *** [src/subdir.mk:32: src/Clase_00_miBiblioteca.o] Error 1
"make all" terminated with exit code 2. Build might be incomplete.
23:33:14 **** Incremental Build of configuration Debug for project Clase_00_misBibliotecas ****
make all 
Building file: ../src/Clase_00_miBiblioteca.c
Invoking: GCC C Compiler
gcc -O0 -g3 -Wall -c -fmessage-length=0 -MMD -MP -MF"src/Clase_00_miBiblioteca.d" -MT"src/Clase_00_miBiblioteca.o" -o "src/Clase_00_miBiblioteca.o" "../src/Clase_00_miBiblioteca.c"
Finished building: ../src/Clase_00_miBiblioteca.c
 
Building target: Clase_00_misBibliotecas
Invoking: GCC C Linker
gcc  -o "Clase_00_misBibliotecas" ./src/Clase_00_miBiblioteca.o ./src/eGen.o ./src/input.o ./src/menu.o ./src/operations.o   
Finished building target: Clase_00_misBibliotecas
 
23:33:16 **** Incremental Build of configuration Debug for project Clase_00_misBibliotecas ****
make all 
make: No se hace nada para 'all'.
23:33:56 **** Incremental Build of configuration Debug for project Clase_00_misBibliotecas ****
make all 
Building file: ../src/Clase_00_miBiblioteca.c
Invoking: GCC C Compiler
gcc -O0 -g3 -Wall -c -fmessage-length=0 -MMD -MP -MF"src/Clase_00_miBiblioteca.d" -MT"src/Clase_00_miBiblioteca.o" -o "src/Clase_00_miBiblioteca.o" "../src/Clase_00_miBiblioteca.c"
Finished building: ../src/Clase_00_miBiblioteca.c
 
Building target: Clase_00_misBibliotecas
Invoking: GCC C Linker
gcc  -o "Clase_00_misBibliotecas" ./src/Clase_00_miBiblioteca.o ./src/eGen.o ./src/input.o ./src/menu.o ./src/operations.o   
Finished building target: Clase_00_misBibliotecas
 
23:33:57 **** Incremental Build of configuration Debug for project Clase_00_misBibliotecas ****
make all 
make: No se hace nada para 'all'.
